<?xml version="1.0" encoding="UTF-8"?>
<!-- Generated by org.testng.reporters.JUnitReportReporter -->
<testsuite skipped="0" hostname="OC-PC" name="qaclickackademy.SeleniumTest" tests="2" failures="0" timestamp="2020-03-08T18:27:20 IST" time="0.001" errors="0">
  <testcase name="login" time="0.000" classname="qaclickackademy.SeleniumTest"/>
  <system-out/>
  <testcase name="logout" time="0.001" classname="qaclickackademy.SeleniumTest"/>
  <system-out/>
</testsuite> <!-- qaclickackademy.SeleniumTest -->
