<?xml version="1.0" encoding="UTF-8"?>
<!-- Generated by org.testng.reporters.JUnitReportReporter -->
<testsuite skipped="0" hostname="OC-PC" name="qaclickackademy.AppiumTest" tests="2" failures="0" timestamp="2020-03-08T18:27:20 IST" time="0.007" errors="0">
  <testcase name="instagram" time="0.007" classname="qaclickackademy.AppiumTest"/>
  <system-out/>
  <testcase name="twitter" time="0.000" classname="qaclickackademy.AppiumTest"/>
  <system-out/>
</testsuite> <!-- qaclickackademy.AppiumTest -->
