<?xml version="1.0" encoding="UTF-8"?>
<!-- Generated by org.testng.reporters.JUnitReportReporter -->
<testsuite skipped="0" hostname="OC-PC" name="qaclickackademy.RestAPITest" tests="2" failures="0" timestamp="2020-03-08T18:27:20 IST" time="0.001" errors="0">
  <testcase name="facebook" time="0.001" classname="qaclickackademy.RestAPITest"/>
  <system-out/>
  <testcase name="google" time="0.000" classname="qaclickackademy.RestAPITest"/>
  <system-out/>
</testsuite> <!-- qaclickackademy.RestAPITest -->
